make --dry-run --always-make --keep-going --print-directory
make: Entering directory '/home/trimsky/AsciiMachine'
/usr/bin/cmake -S/home/trimsky/AsciiMachine -B/home/trimsky/AsciiMachine --check-build-system CMakeFiles/Makefile.cmake 0
/usr/bin/cmake -E cmake_progress_start /home/trimsky/AsciiMachine/CMakeFiles /home/trimsky/AsciiMachine//CMakeFiles/progress.marks
make -s -f CMakeFiles/Makefile2 all
make[1]: Entering directory '/home/trimsky/AsciiMachine'
make -s -f CMakeFiles/Ascii.dir/build.make CMakeFiles/Ascii.dir/depend
 
make[2]: Entering directory '/home/trimsky/AsciiMachine'
cd /home/trimsky/AsciiMachine && /usr/bin/cmake -E cmake_depends "Unix Makefiles" /home/trimsky/AsciiMachine /home/trimsky/AsciiMachine /home/trimsky/AsciiMachine /home/trimsky/AsciiMachine /home/trimsky/AsciiMachine/CMakeFiles/Ascii.dir/DependInfo.cmake --color=
make[2]: Leaving directory '/home/trimsky/AsciiMachine'
make -s -f CMakeFiles/Ascii.dir/build.make CMakeFiles/Ascii.dir/build
 
make[2]: Entering directory '/home/trimsky/AsciiMachine'
/usr/bin/cmake -E cmake_echo_color --switch= --green --progress-dir=/home/trimsky/AsciiMachine/CMakeFiles --progress-num=1 "Building CXX object CMakeFiles/Ascii.dir/AsciiMachineCurrent/API/src/AsciiSignal.cpp.o"
/usr/bin/c++  -I/home/trimsky/AsciiMachine -Werror -Wall -Wextra -Wpedantic -Wcast-align -Wcast-qual -Wconversion -Wctor-dtor-privacy -Wenum-compare -Wfloat-equal -Wnon-virtual-dtor -Wold-style-cast -Woverloaded-virtual -Wredundant-decls -Wsign-conversion -Wsign-promo -g -O0 -MD -MT CMakeFiles/Ascii.dir/AsciiMachineCurrent/API/src/AsciiSignal.cpp.o -MF CMakeFiles/Ascii.dir/AsciiMachineCurrent/API/src/AsciiSignal.cpp.o.d -o CMakeFiles/Ascii.dir/AsciiMachineCurrent/API/src/AsciiSignal.cpp.o -c /home/trimsky/AsciiMachine/AsciiMachineCurrent/API/src/AsciiSignal.cpp
/usr/bin/cmake -E cmake_echo_color --switch= --green --progress-dir=/home/trimsky/AsciiMachine/CMakeFiles --progress-num=2 "Building CXX object CMakeFiles/Ascii.dir/AsciiMachineCurrent/API/src/Color.cpp.o"
/usr/bin/c++  -I/home/trimsky/AsciiMachine -Werror -Wall -Wextra -Wpedantic -Wcast-align -Wcast-qual -Wconversion -Wctor-dtor-privacy -Wenum-compare -Wfloat-equal -Wnon-virtual-dtor -Wold-style-cast -Woverloaded-virtual -Wredundant-decls -Wsign-conversion -Wsign-promo -g -O0 -MD -MT CMakeFiles/Ascii.dir/AsciiMachineCurrent/API/src/Color.cpp.o -MF CMakeFiles/Ascii.dir/AsciiMachineCurrent/API/src/Color.cpp.o.d -o CMakeFiles/Ascii.dir/AsciiMachineCurrent/API/src/Color.cpp.o -c /home/trimsky/AsciiMachine/AsciiMachineCurrent/API/src/Color.cpp
/usr/bin/cmake -E cmake_echo_color --switch= --green --progress-dir=/home/trimsky/AsciiMachine/CMakeFiles --progress-num=3 "Building CXX object CMakeFiles/Ascii.dir/AsciiMachineCurrent/API/src/Entity.cpp.o"
/usr/bin/c++  -I/home/trimsky/AsciiMachine -Werror -Wall -Wextra -Wpedantic -Wcast-align -Wcast-qual -Wconversion -Wctor-dtor-privacy -Wenum-compare -Wfloat-equal -Wnon-virtual-dtor -Wold-style-cast -Woverloaded-virtual -Wredundant-decls -Wsign-conversion -Wsign-promo -g -O0 -MD -MT CMakeFiles/Ascii.dir/AsciiMachineCurrent/API/src/Entity.cpp.o -MF CMakeFiles/Ascii.dir/AsciiMachineCurrent/API/src/Entity.cpp.o.d -o CMakeFiles/Ascii.dir/AsciiMachineCurrent/API/src/Entity.cpp.o -c /home/trimsky/AsciiMachine/AsciiMachineCurrent/API/src/Entity.cpp
/usr/bin/cmake -E cmake_echo_color --switch= --green --progress-dir=/home/trimsky/AsciiMachine/CMakeFiles --progress-num=4 "Building CXX object CMakeFiles/Ascii.dir/AsciiMachineCurrent/API/src/GUI_o.cpp.o"
/usr/bin/c++  -I/home/trimsky/AsciiMachine -Werror -Wall -Wextra -Wpedantic -Wcast-align -Wcast-qual -Wconversion -Wctor-dtor-privacy -Wenum-compare -Wfloat-equal -Wnon-virtual-dtor -Wold-style-cast -Woverloaded-virtual -Wredundant-decls -Wsign-conversion -Wsign-promo -g -O0 -MD -MT CMakeFiles/Ascii.dir/AsciiMachineCurrent/API/src/GUI_o.cpp.o -MF CMakeFiles/Ascii.dir/AsciiMachineCurrent/API/src/GUI_o.cpp.o.d -o CMakeFiles/Ascii.dir/AsciiMachineCurrent/API/src/GUI_o.cpp.o -c /home/trimsky/AsciiMachine/AsciiMachineCurrent/API/src/GUI_o.cpp
/usr/bin/cmake -E cmake_echo_color --switch= --green --progress-dir=/home/trimsky/AsciiMachine/CMakeFiles --progress-num=5 "Building CXX object CMakeFiles/Ascii.dir/AsciiMachineCurrent/API/src/Scene.cpp.o"
/usr/bin/c++  -I/home/trimsky/AsciiMachine -Werror -Wall -Wextra -Wpedantic -Wcast-align -Wcast-qual -Wconversion -Wctor-dtor-privacy -Wenum-compare -Wfloat-equal -Wnon-virtual-dtor -Wold-style-cast -Woverloaded-virtual -Wredundant-decls -Wsign-conversion -Wsign-promo -g -O0 -MD -MT CMakeFiles/Ascii.dir/AsciiMachineCurrent/API/src/Scene.cpp.o -MF CMakeFiles/Ascii.dir/AsciiMachineCurrent/API/src/Scene.cpp.o.d -o CMakeFiles/Ascii.dir/AsciiMachineCurrent/API/src/Scene.cpp.o -c /home/trimsky/AsciiMachine/AsciiMachineCurrent/API/src/Scene.cpp
/usr/bin/cmake -E cmake_echo_color --switch= --green --progress-dir=/home/trimsky/AsciiMachine/CMakeFiles --progress-num=6 "Building CXX object CMakeFiles/Ascii.dir/AsciiMachineCurrent/API/src/Server.cpp.o"
/usr/bin/c++  -I/home/trimsky/AsciiMachine -Werror -Wall -Wextra -Wpedantic -Wcast-align -Wcast-qual -Wconversion -Wctor-dtor-privacy -Wenum-compare -Wfloat-equal -Wnon-virtual-dtor -Wold-style-cast -Woverloaded-virtual -Wredundant-decls -Wsign-conversion -Wsign-promo -g -O0 -MD -MT CMakeFiles/Ascii.dir/AsciiMachineCurrent/API/src/Server.cpp.o -MF CMakeFiles/Ascii.dir/AsciiMachineCurrent/API/src/Server.cpp.o.d -o CMakeFiles/Ascii.dir/AsciiMachineCurrent/API/src/Server.cpp.o -c /home/trimsky/AsciiMachine/AsciiMachineCurrent/API/src/Server.cpp
/usr/bin/cmake -E cmake_echo_color --switch= --green --progress-dir=/home/trimsky/AsciiMachine/CMakeFiles --progress-num=7 "Building CXX object CMakeFiles/Ascii.dir/AsciiMachineCurrent/API/src/utils.cpp.o"
/usr/bin/c++  -I/home/trimsky/AsciiMachine -Werror -Wall -Wextra -Wpedantic -Wcast-align -Wcast-qual -Wconversion -Wctor-dtor-privacy -Wenum-compare -Wfloat-equal -Wnon-virtual-dtor -Wold-style-cast -Woverloaded-virtual -Wredundant-decls -Wsign-conversion -Wsign-promo -g -O0 -MD -MT CMakeFiles/Ascii.dir/AsciiMachineCurrent/API/src/utils.cpp.o -MF CMakeFiles/Ascii.dir/AsciiMachineCurrent/API/src/utils.cpp.o.d -o CMakeFiles/Ascii.dir/AsciiMachineCurrent/API/src/utils.cpp.o -c /home/trimsky/AsciiMachine/AsciiMachineCurrent/API/src/utils.cpp
/usr/bin/cmake -E cmake_echo_color --switch= --green --bold --progress-dir=/home/trimsky/AsciiMachine/CMakeFiles --progress-num=8 "Linking CXX static library libAscii.a"
/usr/bin/cmake -P CMakeFiles/Ascii.dir/cmake_clean_target.cmake
/usr/bin/cmake -E cmake_link_script CMakeFiles/Ascii.dir/link.txt --verbose=
make[2]: Leaving directory '/home/trimsky/AsciiMachine'
/usr/bin/cmake -E cmake_echo_color --switch= --progress-dir=/home/trimsky/AsciiMachine/CMakeFiles --progress-num=1,2,3,4,5,6,7,8 "Built target Ascii"
make[1]: Leaving directory '/home/trimsky/AsciiMachine'
/usr/bin/cmake -E cmake_progress_start /home/trimsky/AsciiMachine/CMakeFiles 0
make: Leaving directory '/home/trimsky/AsciiMachine'
 
