make all --print-data-base --no-builtin-variables --no-builtin-rules --question
# GNU Make 4.3
# Built for x86_64-pc-linux-gnu
# Copyright (C) 1988-2020 Free Software Foundation, Inc.
# License GPLv3+: GNU GPL version 3 or later <http://gnu.org/licenses/gpl.html>
# This is free software: you are free to change and redistribute it.
# There is NO WARRANTY, to the extent permitted by law.

# Make data base, printed on Fri May 28 11:10:38 2021

# Variables

# environment
GDK_BACKEND = x11
# environment
LC_ALL = C
# environment
NO_AT_BRIDGE = 1
# environment
SNAP_INSTANCE_KEY = 
# environment
GJS_DEBUG_OUTPUT = stderr
# environment
VSCODE_IPC_HOOK_EXTHOST = /run/user/1000/vscode-ipc-935fbf21-85e9-4bb5-a0a3-2b9317dd4b9c.sock
# environment
VSCODE_CWD = /home/trimsky
# environment
LESS_TERMCAP_me = [0m
# environment
GDM_LANG = ru_RU.UTF-8
# default
MAKE_COMMAND := make
# automatic
@D = $(patsubst %/,%,$(dir $@))
# environment
SNAP_INSTANCE_NAME = code
# environment
GDK_PIXBUF_MODULEDIR = /snap/code/65/usr/lib/x86_64-linux-gnu/gdk-pixbuf-2.0/2.10.0/loaders
# environment
VSCODE_HANDLES_UNCAUGHT_ERRORS = true
# default
.VARIABLES := 
# environment
PWD = /home/trimsky/AsciiMachine
# automatic
%D = $(patsubst %/,%,$(dir $%))
# environment
MAIL = /var/spool/mail/trimsky
# environment
XDG_DATA_DIRS = /home/trimsky/.local/share/flatpak/exports/share:/var/lib/flatpak/exports/share:/usr/local/share/:/usr/share/:/var/lib/snapd/desktop
# environment
OLDPWD = /home/trimsky
# automatic
^D = $(patsubst %/,%,$(dir $^))
# environment
VSCODE_LOG_STACK = false
# automatic
%F = $(notdir $%)
# environment
LANG = C
# environment
XAUTHORITY = /run/user/1000/.mutter-Xwaylandauth.AZEH40
# default
.LOADED := 
# environment
LESS_TERMCAP_md = [01;32m
# default
.INCLUDE_DIRS = /usr/include /usr/local/include /usr/include
# makefile (from 'Makefile', line 51)
CMAKE_COMMAND = /usr/bin/cmake
# makefile
MAKEFLAGS = pqrR
# environment
LESS_TERMCAP_so = [01;47;34m
# makefile
CURDIR := /home/trimsky/AsciiMachine
# environment
VSCODE_PIPE_LOGGING = true
# environment
APPLICATION_INSIGHTS_NO_DIAGNOSTIC_CHANNEL = true
# automatic
*D = $(patsubst %/,%,$(dir $*))
# environment
LESS_TERMCAP_ue = [0m
# environment
MFLAGS = -pqrR
# environment
SSH_AUTH_SOCK = /run/user/1000/keyring/ssh
# default
.SHELLFLAGS := -c
# environment
WAYLAND_DISPLAY = wayland-0
# automatic
+D = $(patsubst %/,%,$(dir $+))
# environment
P9K_SSH = 0
# environment
XDG_SESSION_DESKTOP = gnome
# environment
VSCODE_CRASH_REPORTER_START_OPTIONS = {"companyName":"Microsoft","productName":"VSCode","submitURL":"appcenter://code?aid=fba07a4d-84bd-4fc8-a125-9640fc8ce171&uid=dee32c0f-0a3d-475b-9e6e-6b24d9b53a8d&iid=dee32c0f-0a3d-475b-9e6e-6b24d9b53a8d&sid=dee32c0f-0a3d-475b-9e6e-6b24d9b53a8d","uploadToServer":true}
# makefile (from 'Makefile', line 1)
MAKEFILE_LIST := Makefile
# makefile (from 'Makefile', line 63)
CMAKE_BINARY_DIR = /home/trimsky/AsciiMachine
# environment
SNAP_REEXEC = 
# automatic
@F = $(notdir $@)
# environment
LC_COLLATE = C
# environment
VSCODE_VERBOSE_LOGGING = true
# environment
VSCODE_PID = 7930
# environment
XDG_SESSION_TYPE = wayland
# automatic
?D = $(patsubst %/,%,$(dir $?))
# environment
BAMF_DESKTOP_FILE_HINT = /var/lib/snapd/desktop/applications/code_code.desktop
# makefile (from 'Makefile', line 60)
CMAKE_SOURCE_DIR = /home/trimsky/AsciiMachine
# environment
SESSION_MANAGER = local/manjaro:@/tmp/.ICE-unix/7383,unix/manjaro:/tmp/.ICE-unix/7383
# automatic
*F = $(notdir $*)
# environment
QT_QPA_PLATFORMTHEME = gnome
# environment
CHROME_DESKTOP = code-url-handler.desktop
# environment
DBUS_SESSION_BUS_ADDRESS = unix:path=/run/user/1000/bus
# automatic
<D = $(patsubst %/,%,$(dir $<))
# environment
VSCODE_NLS_CONFIG = {"locale":"ru","availableLanguages":{},"_languagePackSupport":true}
# environment
BREAKPAD_DUMP_LOCATION = /home/trimsky/.config/Code/exthost Crash Reports
# default
MAKE_HOST := x86_64-pc-linux-gnu
# makefile (from 'Makefile', line 48)
SHELL = /bin/sh
# environment
LESS_TERMCAP_us = [01;36m
# default
MAKECMDGOALS := all
# environment
XMODIFIERS = @im=ibus
# environment
GJS_DEBUG_TOPICS = JS ERROR;JS LOG
# environment
SHLVL = 1
# environment
MAKELEVEL := 0
# default
MAKE = $(MAKE_COMMAND)
# environment
SNAP_COOKIE = uWR-PTdzdLDqrgpmRCDcrE0hJ5C7GenB9WF1jiMeVy47p9R_a9l9
# environment
PATH = /home/trimsky/.local/bin:/home/trimsky/.local/bin:/home/trimsky/.local/bin:/usr/local/bin:/usr/bin:/var/lib/snapd/snap/bin:/usr/local/sbin:/usr/lib/jvm/default/bin:/usr/bin/site_perl:/usr/bin/vendor_perl:/usr/bin/core_perl:/usr/lib/jvm/default/bin:/usr/lib/jvm/default/bin
# environment
LESS_TERMCAP_se = [0m
# default
MAKEFILES := 
# environment
MOTD_SHOWN = pam
# automatic
^F = $(notdir $^)
# environment
SNAP_USER_COMMON = /home/trimsky/snap/code/common
# environment
LESS_TERMCAP_mb = [01;32m
# environment
SNAP = /snap/code/65
# environment
INVOCATION_ID = 68d0348e23c54fc28abad7213cb1e52f
# environment
SNAP_REVISION = 65
# environment
SNAP_REAL_HOME = /home/trimsky
# environment
VSCODE_LOG_NATIVE = false
# environment
USERNAME = trimsky
# environment
GNOME_SETUP_DISPLAY = :1
# automatic
?F = $(notdir $?)
# environment
XDG_CURRENT_DESKTOP = GNOME
# automatic
+F = $(notdir $+)
# environment
LESS = -R
# environment
DESKTOP_SESSION = gnome
# environment
ORIGINAL_XDG_CURRENT_DESKTOP = GNOME
# 'override' directive
GNUMAKEFLAGS := 
# makefile (from 'Makefile', line 57)
EQUALS = =
# environment
LOGNAME = trimsky
# environment
GIO_LAUNCHED_DESKTOP_FILE = /var/lib/snapd/desktop/applications/code_code.desktop
# environment
SNAP_ARCH = amd64
# makefile
.DEFAULT_GOAL := default_target
# makefile (from 'Makefile', line 54)
RM = /usr/bin/cmake -E rm -f
# environment
EDITOR = /usr/bin/nano
# environment
DISPLAY = :0
# environment
USER = trimsky
# default
MAKE_VERSION := 4.3
# environment
DISABLE_WAYLAND = 1
# environment
SNAP_DATA = /var/snap/code/65
# environment
SNAP_CONTEXT = uWR-PTdzdLDqrgpmRCDcrE0hJ5C7GenB9WF1jiMeVy47p9R_a9l9
# environment
MANAGERPID = 1473
# environment
GIO_LAUNCHED_DESKTOP_FILE_PID = 7893
# environment
QT_STYLE_OVERRIDE = kvantum
# environment
VSCODE_NODE_CACHED_DATA_DIR = /home/trimsky/.config/Code/CachedData/054a9295330880ed74ceaedda236253b4f39a335
# environment
_ = /usr/bin/make
# makefile (from 'Makefile', line 35)
MAKESILENT = -s
# environment
XDG_RUNTIME_DIR = /run/user/1000
# environment
GDK_PIXBUF_MODULE_FILE = /home/trimsky/snap/code/common/.cache/gdk-pixbuf-loaders.cache
# environment
JOURNAL_STREAM = 8:81696
# environment
XDG_SESSION_CLASS = user
# environment
VSCODE_AMD_ENTRYPOINT = vs/workbench/services/extensions/node/extensionHostProcess
# environment
HOME = /home/trimsky
# environment
QT_IM_MODULE = ibus
# environment
ELECTRON_RUN_AS_NODE = 1
# environment
VSCODE_IPC_HOOK = /run/user/1000/vscode-00040c35-1.56.2-main.sock
# environment
SNAP_NAME = code
# environment
GSETTINGS_SCHEMA_DIR = /snap/code/65/usr/share/glib-2.0/schemas
# default
.RECIPEPREFIX := 
# automatic
<F = $(notdir $<)
# environment
SNAP_VERSION = 054a9295
# default
SUFFIXES := 
# environment
QT_AUTO_SCREEN_SCALE_FACTOR = 1
# environment
VSCODE_CLI = 1
# environment
ELECTRON_NO_ATTACH_CONSOLE = 1
# environment
SNAP_COMMON = /var/snap/code/common
# default
.FEATURES := target-specific order-only second-expansion else-if shortest-stem undefine oneshell nocomment grouped-target extra-prereqs archives jobserver output-sync check-symlink guile load
# environment
SNAP_USER_DATA = /home/trimsky/snap/code/65
# environment
XDG_MENU_PREFIX = gnome-
# environment
GDMSESSION = gnome
# environment
PKGFILE_PROMPT_INSTALL_MISSING = 1
# environment
SNAP_LIBRARY_PATH = /var/lib/snapd/lib/gl:/var/lib/snapd/lib/gl32:/var/lib/snapd/void
# variable set hash-table stats:
 
# Load=138/1024=13%, Rehash=0, Collisions=14/177=8%

# Pattern-specific Variable Values

# No pattern-specific variable values.

# Directories

# RCS: could not be stat'd.
# SCCS: could not be stat'd.
# . (device 66306, inode 2228966): 23 files, no impossibilities.

# 23 files, no impossibilities in 3 directories.

# Implicit Rules

%: %,v

%: RCS/%

%: RCS/%,v

%: SCCS/s.%

%: s.%

%.hpux_make_needs_suffix_list:

# 6 implicit rules, 0 (0.0%) terminal.
# Files

AsciiMachineCurrent/API/src/AsciiSignal.o: AsciiMachineCurrent/API/src/AsciiSignal.cpp.o
#  Phony target (prerequisite of .PHONY).
#  Implicit rule search has not been done.
#  File does not exist.
#  File has not been updated.

AsciiMachineCurrent/API/src/Color.s: AsciiMachineCurrent/API/src/Color.cpp.s
#  Phony target (prerequisite of .PHONY).
#  Implicit rule search has not been done.
#  File does not exist.
#  File has not been updated.

AsciiMachineCurrent/API/src/Entity.cpp.o:
#  Phony target (prerequisite of .PHONY).
#  Implicit rule search has not been done.
#  File does not exist.
#  File has not been updated.
#  recipe to execute (from 'Makefile', line 230):
	$(MAKE) $(MAKESILENT) -f CMakeFiles/Ascii.dir/build.make CMakeFiles/Ascii.dir/AsciiMachineCurrent/API/src/Entity.cpp.o

AsciiMachineCurrent/API/src/AsciiSignal.cpp.s:
#  Phony target (prerequisite of .PHONY).
#  Implicit rule search has not been done.
#  File does not exist.
#  File has not been updated.
#  recipe to execute (from 'Makefile', line 198):
	$(MAKE) $(MAKESILENT) -f CMakeFiles/Ascii.dir/build.make CMakeFiles/Ascii.dir/AsciiMachineCurrent/API/src/AsciiSignal.cpp.s

AsciiMachineCurrent/API/src/utils.s: AsciiMachineCurrent/API/src/utils.cpp.s
#  Phony target (prerequisite of .PHONY).
#  Implicit rule search has not been done.
#  File does not exist.
#  File has not been updated.

depend:
#  Phony target (prerequisite of .PHONY).
#  Implicit rule search has not been done.
#  File does not exist.
#  File has not been updated.
#  recipe to execute (from 'Makefile', line 161):
	$(CMAKE_COMMAND) -S$(CMAKE_SOURCE_DIR) -B$(CMAKE_BINARY_DIR) --check-build-system CMakeFiles/Makefile.cmake 1

AsciiMachineCurrent/API/src/Entity.cpp.s:
#  Phony target (prerequisite of .PHONY).
#  Implicit rule search has not been done.
#  File does not exist.
#  File has not been updated.
#  recipe to execute (from 'Makefile', line 246):
	$(MAKE) $(MAKESILENT) -f CMakeFiles/Ascii.dir/build.make CMakeFiles/Ascii.dir/AsciiMachineCurrent/API/src/Entity.cpp.s

AsciiMachineCurrent/API/src/Server.s: AsciiMachineCurrent/API/src/Server.cpp.s
#  Phony target (prerequisite of .PHONY).
#  Implicit rule search has not been done.
#  File does not exist.
#  File has not been updated.

AsciiMachineCurrent/API/src/Color.cpp.i:
#  Phony target (prerequisite of .PHONY).
#  Implicit rule search has not been done.
#  File does not exist.
#  File has not been updated.
#  recipe to execute (from 'Makefile', line 214):
	$(MAKE) $(MAKESILENT) -f CMakeFiles/Ascii.dir/build.make CMakeFiles/Ascii.dir/AsciiMachineCurrent/API/src/Color.cpp.i

default_target: all
#  Phony target (prerequisite of .PHONY).
#  Implicit rule search has not been done.
#  File does not exist.
#  File has not been updated.

AsciiMachineCurrent/API/src/utils.cpp.o:
#  Phony target (prerequisite of .PHONY).
#  Implicit rule search has not been done.
#  File does not exist.
#  File has not been updated.
#  recipe to execute (from 'Makefile', line 326):
	$(MAKE) $(MAKESILENT) -f CMakeFiles/Ascii.dir/build.make CMakeFiles/Ascii.dir/AsciiMachineCurrent/API/src/utils.cpp.o

AsciiMachineCurrent/API/src/Color.cpp.o:
#  Phony target (prerequisite of .PHONY).
#  Implicit rule search has not been done.
#  File does not exist.
#  File has not been updated.
#  recipe to execute (from 'Makefile', line 206):
	$(MAKE) $(MAKESILENT) -f CMakeFiles/Ascii.dir/build.make CMakeFiles/Ascii.dir/AsciiMachineCurrent/API/src/Color.cpp.o

edit_cache/fast: edit_cache
#  Phony target (prerequisite of .PHONY).
#  Implicit rule search has not been done.
#  File does not exist.
#  File has not been updated.

AsciiMachineCurrent/API/src/GUI_o.cpp.i:
#  Phony target (prerequisite of .PHONY).
#  Implicit rule search has not been done.
#  File does not exist.
#  File has not been updated.
#  recipe to execute (from 'Makefile', line 262):
	$(MAKE) $(MAKESILENT) -f CMakeFiles/Ascii.dir/build.make CMakeFiles/Ascii.dir/AsciiMachineCurrent/API/src/GUI_o.cpp.i

AsciiMachineCurrent/API/src/GUI_o.cpp.o:
#  Phony target (prerequisite of .PHONY).
#  Implicit rule search has not been done.
#  File does not exist.
#  File has not been updated.
#  recipe to execute (from 'Makefile', line 254):
	$(MAKE) $(MAKESILENT) -f CMakeFiles/Ascii.dir/build.make CMakeFiles/Ascii.dir/AsciiMachineCurrent/API/src/GUI_o.cpp.o

# Not a target:
Makefile:
#  Implicit rule search has been done.
#  Last modified 2021-05-28 10:42:20.286426624
#  File has been updated.
#  Successfully updated.

rebuild_cache:
#  Phony target (prerequisite of .PHONY).
#  Implicit rule search has not been done.
#  File does not exist.
#  File has not been updated.
#  recipe to execute (from 'Makefile', line 125):
	@$(CMAKE_COMMAND) -E cmake_echo_color --switch=$(COLOR) --cyan "Running CMake to regenerate build system..."
	/usr/bin/cmake --regenerate-during-build -S$(CMAKE_SOURCE_DIR) -B$(CMAKE_BINARY_DIR)

AsciiMachineCurrent/API/src/AsciiSignal.s: AsciiMachineCurrent/API/src/AsciiSignal.cpp.s
#  Phony target (prerequisite of .PHONY).
#  Implicit rule search has not been done.
#  File does not exist.
#  File has not been updated.

.SILENT:
#  Implicit rule search has not been done.
#  Modification time never checked.
#  File has not been updated.

AsciiMachineCurrent/API/src/Scene.i: AsciiMachineCurrent/API/src/Scene.cpp.i
#  Phony target (prerequisite of .PHONY).
#  Implicit rule search has not been done.
#  File does not exist.
#  File has not been updated.

clean:
#  Phony target (prerequisite of .PHONY).
#  Implicit rule search has not been done.
#  File does not exist.
#  File has not been updated.
#  recipe to execute (from 'Makefile', line 142):
	$(MAKE) $(MAKESILENT) -f CMakeFiles/Makefile2 clean

cmake_force:
#  Phony target (prerequisite of .PHONY).
#  Implicit rule search has not been done.
#  File does not exist.
#  File has not been updated.

preinstall/fast:
#  Phony target (prerequisite of .PHONY).
#  Implicit rule search has not been done.
#  File does not exist.
#  File has not been updated.
#  recipe to execute (from 'Makefile', line 156):
	$(MAKE) $(MAKESILENT) -f CMakeFiles/Makefile2 preinstall

AsciiMachineCurrent/API/src/Server.cpp.i:
#  Phony target (prerequisite of .PHONY).
#  Implicit rule search has not been done.
#  File does not exist.
#  File has not been updated.
#  recipe to execute (from 'Makefile', line 310):
	$(MAKE) $(MAKESILENT) -f CMakeFiles/Ascii.dir/build.make CMakeFiles/Ascii.dir/AsciiMachineCurrent/API/src/Server.cpp.i

AsciiMachineCurrent/API/src/Entity.i: AsciiMachineCurrent/API/src/Entity.cpp.i
#  Phony target (prerequisite of .PHONY).
#  Implicit rule search has not been done.
#  File does not exist.
#  File has not been updated.

edit_cache:
#  Phony target (prerequisite of .PHONY).
#  Implicit rule search has not been done.
#  File does not exist.
#  File has not been updated.
#  recipe to execute (from 'Makefile', line 94):
	@$(CMAKE_COMMAND) -E cmake_echo_color --switch=$(COLOR) --cyan "Running CMake cache editor..."
	/usr/bin/ccmake -S$(CMAKE_SOURCE_DIR) -B$(CMAKE_BINARY_DIR)

Ascii: cmake_check_build_system
#  Phony target (prerequisite of .PHONY).
#  Implicit rule search has not been done.
#  File does not exist.
#  File has not been updated.
#  recipe to execute (from 'Makefile', line 169):
	$(MAKE) $(MAKESILENT) -f CMakeFiles/Makefile2 Ascii

AsciiMachineCurrent/API/src/Scene.cpp.o:
#  Phony target (prerequisite of .PHONY).
#  Implicit rule search has not been done.
#  File does not exist.
#  File has not been updated.
#  recipe to execute (from 'Makefile', line 278):
	$(MAKE) $(MAKESILENT) -f CMakeFiles/Ascii.dir/build.make CMakeFiles/Ascii.dir/AsciiMachineCurrent/API/src/Scene.cpp.o

rebuild_cache/fast: rebuild_cache
#  Phony target (prerequisite of .PHONY).
#  Implicit rule search has not been done.
#  File does not exist.
#  File has not been updated.

AsciiMachineCurrent/API/src/Color.cpp.s:
#  Phony target (prerequisite of .PHONY).
#  Implicit rule search has not been done.
#  File does not exist.
#  File has not been updated.
#  recipe to execute (from 'Makefile', line 222):
	$(MAKE) $(MAKESILENT) -f CMakeFiles/Ascii.dir/build.make CMakeFiles/Ascii.dir/AsciiMachineCurrent/API/src/Color.cpp.s

# Not a target:
.hpux_make_needs_suffix_list:
#  Implicit rule search has not been done.
#  Modification time never checked.
#  File has not been updated.

AsciiMachineCurrent/API/src/Server.cpp.o:
#  Phony target (prerequisite of .PHONY).
#  Implicit rule search has not been done.
#  File does not exist.
#  File has not been updated.
#  recipe to execute (from 'Makefile', line 302):
	$(MAKE) $(MAKESILENT) -f CMakeFiles/Ascii.dir/build.make CMakeFiles/Ascii.dir/AsciiMachineCurrent/API/src/Server.cpp.o

AsciiMachineCurrent/API/src/utils.o: AsciiMachineCurrent/API/src/utils.cpp.o
#  Phony target (prerequisite of .PHONY).
#  Implicit rule search has not been done.
#  File does not exist.
#  File has not been updated.

AsciiMachineCurrent/API/src/utils.cpp.s:
#  Phony target (prerequisite of .PHONY).
#  Implicit rule search has not been done.
#  File does not exist.
#  File has not been updated.
#  recipe to execute (from 'Makefile', line 342):
	$(MAKE) $(MAKESILENT) -f CMakeFiles/Ascii.dir/build.make CMakeFiles/Ascii.dir/AsciiMachineCurrent/API/src/utils.cpp.s

preinstall: all
#  Phony target (prerequisite of .PHONY).
#  Implicit rule search has not been done.
#  File does not exist.
#  File has not been updated.
#  recipe to execute (from 'Makefile', line 151):
	$(MAKE) $(MAKESILENT) -f CMakeFiles/Makefile2 preinstall

AsciiMachineCurrent/API/src/Server.i: AsciiMachineCurrent/API/src/Server.cpp.i
#  Phony target (prerequisite of .PHONY).
#  Implicit rule search has not been done.
#  File does not exist.
#  File has not been updated.

AsciiMachineCurrent/API/src/utils.i: AsciiMachineCurrent/API/src/utils.cpp.i
#  Phony target (prerequisite of .PHONY).
#  Implicit rule search has not been done.
#  File does not exist.
#  File has not been updated.

# Not a target:
.DEFAULT:
#  Implicit rule search has not been done.
#  Modification time never checked.
 
#  File has not been updated.

list_install_components/fast: list_install_components
#  Phony target (prerequisite of .PHONY).
#  Implicit rule search has not been done.
#  File does not exist.
#  File has not been updated.

AsciiMachineCurrent/API/src/AsciiSignal.cpp.o:
#  Phony target (prerequisite of .PHONY).
#  Implicit rule search has not been done.
#  File does not exist.
#  File has not been updated.
#  recipe to execute (from 'Makefile', line 182):
	$(MAKE) $(MAKESILENT) -f CMakeFiles/Ascii.dir/build.make CMakeFiles/Ascii.dir/AsciiMachineCurrent/API/src/AsciiSignal.cpp.o

AsciiMachineCurrent/API/src/Scene.o: AsciiMachineCurrent/API/src/Scene.cpp.o
#  Phony target (prerequisite of .PHONY).
#  Implicit rule search has not been done.
#  File does not exist.
#  File has not been updated.

AsciiMachineCurrent/API/src/Scene.cpp.i:
#  Phony target (prerequisite of .PHONY).
#  Implicit rule search has not been done.
#  File does not exist.
#  File has not been updated.
#  recipe to execute (from 'Makefile', line 286):
	$(MAKE) $(MAKESILENT) -f CMakeFiles/Ascii.dir/build.make CMakeFiles/Ascii.dir/AsciiMachineCurrent/API/src/Scene.cpp.i

AsciiMachineCurrent/API/src/Server.cpp.s:
#  Phony target (prerequisite of .PHONY).
#  Implicit rule search has not been done.
#  File does not exist.
#  File has not been updated.
#  recipe to execute (from 'Makefile', line 318):
	$(MAKE) $(MAKESILENT) -f CMakeFiles/Ascii.dir/build.make CMakeFiles/Ascii.dir/AsciiMachineCurrent/API/src/Server.cpp.s

all: cmake_check_build_system
#  Phony target (prerequisite of .PHONY).
#  Command line target.
#  Implicit rule search has not been done.
#  File does not exist.
#  File has been updated.
#  Needs to be updated (-q is set).
# variable set hash-table stats:
# Load=0/32=0%, Rehash=0, Collisions=0/6=0%
#  recipe to execute (from 'Makefile', line 135):
	$(CMAKE_COMMAND) -E cmake_progress_start /home/trimsky/AsciiMachine/CMakeFiles /home/trimsky/AsciiMachine//CMakeFiles/progress.marks
	$(MAKE) $(MAKESILENT) -f CMakeFiles/Makefile2 all
	$(CMAKE_COMMAND) -E cmake_progress_start /home/trimsky/AsciiMachine/CMakeFiles 0

help:
#  Phony target (prerequisite of .PHONY).
#  Implicit rule search has not been done.
#  File does not exist.
#  File has not been updated.
#  recipe to execute (from 'Makefile', line 347):
	@echo "The following are some of the valid targets for this Makefile:"
	@echo "... all (the default if no target is provided)"
	@echo "... clean"
	@echo "... depend"
	@echo "... edit_cache"
	@echo "... install"
	@echo "... install/local"
	@echo "... install/strip"
	@echo "... list_install_components"
	@echo "... rebuild_cache"
	@echo "... Ascii"
	@echo "... AsciiMachineCurrent/API/src/AsciiSignal.o"
	@echo "... AsciiMachineCurrent/API/src/AsciiSignal.i"
	@echo "... AsciiMachineCurrent/API/src/AsciiSignal.s"
	@echo "... AsciiMachineCurrent/API/src/Color.o"
	@echo "... AsciiMachineCurrent/API/src/Color.i"
	@echo "... AsciiMachineCurrent/API/src/Color.s"
	@echo "... AsciiMachineCurrent/API/src/Entity.o"
	@echo "... AsciiMachineCurrent/API/src/Entity.i"
	@echo "... AsciiMachineCurrent/API/src/Entity.s"
	@echo "... AsciiMachineCurrent/API/src/GUI_o.o"
	@echo "... AsciiMachineCurrent/API/src/GUI_o.i"
	@echo "... AsciiMachineCurrent/API/src/GUI_o.s"
	@echo "... AsciiMachineCurrent/API/src/Scene.o"
	@echo "... AsciiMachineCurrent/API/src/Scene.i"
	@echo "... AsciiMachineCurrent/API/src/Scene.s"
	@echo "... AsciiMachineCurrent/API/src/Server.o"
	@echo "... AsciiMachineCurrent/API/src/Server.i"
	@echo "... AsciiMachineCurrent/API/src/Server.s"
	@echo "... AsciiMachineCurrent/API/src/utils.o"
	@echo "... AsciiMachineCurrent/API/src/utils.i"
	@echo "... AsciiMachineCurrent/API/src/utils.s"

AsciiMachineCurrent/API/src/AsciiSignal.cpp.i:
#  Phony target (prerequisite of .PHONY).
#  Implicit rule search has not been done.
#  File does not exist.
#  File has not been updated.
#  recipe to execute (from 'Makefile', line 190):
	$(MAKE) $(MAKESILENT) -f CMakeFiles/Ascii.dir/build.make CMakeFiles/Ascii.dir/AsciiMachineCurrent/API/src/AsciiSignal.cpp.i

AsciiMachineCurrent/API/src/Entity.o: AsciiMachineCurrent/API/src/Entity.cpp.o
#  Phony target (prerequisite of .PHONY).
#  Implicit rule search has not been done.
#  File does not exist.
#  File has not been updated.

clean/fast: clean
#  Phony target (prerequisite of .PHONY).
#  Implicit rule search has not been done.
#  File does not exist.
#  File has not been updated.

Ascii/fast:
#  Phony target (prerequisite of .PHONY).
#  Implicit rule search has not been done.
#  File does not exist.
#  File has not been updated.
#  recipe to execute (from 'Makefile', line 174):
	$(MAKE) $(MAKESILENT) -f CMakeFiles/Ascii.dir/build.make CMakeFiles/Ascii.dir/build

AsciiMachineCurrent/API/src/Color.i: AsciiMachineCurrent/API/src/Color.cpp.i
#  Phony target (prerequisite of .PHONY).
#  Implicit rule search has not been done.
#  File does not exist.
#  File has not been updated.

AsciiMachineCurrent/API/src/Server.o: AsciiMachineCurrent/API/src/Server.cpp.o
#  Phony target (prerequisite of .PHONY).
#  Implicit rule search has not been done.
#  File does not exist.
#  File has not been updated.

install/fast: preinstall/fast
#  Phony target (prerequisite of .PHONY).
#  Implicit rule search has not been done.
#  File does not exist.
#  File has not been updated.
#  recipe to execute (from 'Makefile', line 110):
	@$(CMAKE_COMMAND) -E cmake_echo_color --switch=$(COLOR) --cyan "Install the project..."
	/usr/bin/cmake -P cmake_install.cmake

install/local: preinstall
#  Phony target (prerequisite of .PHONY).
#  Implicit rule search has not been done.
#  File does not exist.
#  File has not been updated.
#  recipe to execute (from 'Makefile', line 82):
	@$(CMAKE_COMMAND) -E cmake_echo_color --switch=$(COLOR) --cyan "Installing only the local directory..."
	/usr/bin/cmake -DCMAKE_INSTALL_LOCAL_ONLY=1 -P cmake_install.cmake

AsciiMachineCurrent/API/src/GUI_o.s: AsciiMachineCurrent/API/src/GUI_o.cpp.s
#  Phony target (prerequisite of .PHONY).
#  Implicit rule search has not been done.
#  File does not exist.
#  File has not been updated.

.NOTPARALLEL:
#  Implicit rule search has not been done.
#  Modification time never checked.
#  File has not been updated.

AsciiMachineCurrent/API/src/Color.o: AsciiMachineCurrent/API/src/Color.cpp.o
#  Phony target (prerequisite of .PHONY).
#  Implicit rule search has not been done.
#  File does not exist.
#  File has not been updated.

install: preinstall
#  Phony target (prerequisite of .PHONY).
#  Implicit rule search has not been done.
#  File does not exist.
#  File has not been updated.
#  recipe to execute (from 'Makefile', line 104):
	@$(CMAKE_COMMAND) -E cmake_echo_color --switch=$(COLOR) --cyan "Install the project..."
	/usr/bin/cmake -P cmake_install.cmake

AsciiMachineCurrent/API/src/Entity.s: AsciiMachineCurrent/API/src/Entity.cpp.s
#  Phony target (prerequisite of .PHONY).
#  Implicit rule search has not been done.
#  File does not exist.
#  File has not been updated.

AsciiMachineCurrent/API/src/Scene.cpp.s:
#  Phony target (prerequisite of .PHONY).
#  Implicit rule search has not been done.
#  File does not exist.
#  File has not been updated.
#  recipe to execute (from 'Makefile', line 294):
	$(MAKE) $(MAKESILENT) -f CMakeFiles/Ascii.dir/build.make CMakeFiles/Ascii.dir/AsciiMachineCurrent/API/src/Scene.cpp.s

list_install_components:
#  Phony target (prerequisite of .PHONY).
#  Implicit rule search has not been done.
#  File does not exist.
#  File has not been updated.
#  recipe to execute (from 'Makefile', line 116):
	@$(CMAKE_COMMAND) -E cmake_echo_color --switch=$(COLOR) --cyan "Available install components are: \"Unspecified\""

cmake_check_build_system:
#  Phony target (prerequisite of .PHONY).
#  Implicit rule search has not been done.
#  Implicit/static pattern stem: ''
#  File does not exist.
#  File has been updated.
#  Needs to be updated (-q is set).
# automatic
# @ := cmake_check_build_system
# automatic
# * := 
# automatic
# < := 
# automatic
# + := 
# automatic
# % := 
# automatic
# ^ := 
# automatic
# ? := 
# automatic
# | := 
# variable set hash-table stats:
# Load=8/32=25%, Rehash=0, Collisions=1/14=7%
#  recipe to execute (from 'Makefile', line 390):
	$(CMAKE_COMMAND) -S$(CMAKE_SOURCE_DIR) -B$(CMAKE_BINARY_DIR) --check-build-system CMakeFiles/Makefile.cmake 0

install/strip/fast: preinstall/fast
#  Phony target (prerequisite of .PHONY).
#  Implicit rule search has not been done.
#  File does not exist.
#  File has not been updated.
#  recipe to execute (from 'Makefile', line 76):
	@$(CMAKE_COMMAND) -E cmake_echo_color --switch=$(COLOR) --cyan "Installing the project stripped..."
	/usr/bin/cmake -DCMAKE_INSTALL_DO_STRIP=1 -P cmake_install.cmake

AsciiMachineCurrent/API/src/GUI_o.cpp.s:
#  Phony target (prerequisite of .PHONY).
#  Implicit rule search has not been done.
#  File does not exist.
#  File has not been updated.
#  recipe to execute (from 'Makefile', line 270):
	$(MAKE) $(MAKESILENT) -f CMakeFiles/Ascii.dir/build.make CMakeFiles/Ascii.dir/AsciiMachineCurrent/API/src/GUI_o.cpp.s

AsciiMachineCurrent/API/src/GUI_o.i: AsciiMachineCurrent/API/src/GUI_o.cpp.i
#  Phony target (prerequisite of .PHONY).
#  Implicit rule search has not been done.
#  File does not exist.
#  File has not been updated.

AsciiMachineCurrent/API/src/utils.cpp.i:
#  Phony target (prerequisite of .PHONY).
#  Implicit rule search has not been done.
#  File does not exist.
#  File has not been updated.
#  recipe to execute (from 'Makefile', line 334):
	$(MAKE) $(MAKESILENT) -f CMakeFiles/Ascii.dir/build.make CMakeFiles/Ascii.dir/AsciiMachineCurrent/API/src/utils.cpp.i

AsciiMachineCurrent/API/src/Entity.cpp.i:
#  Phony target (prerequisite of .PHONY).
#  Implicit rule search has not been done.
#  File does not exist.
#  File has not been updated.
#  recipe to execute (from 'Makefile', line 238):
	$(MAKE) $(MAKESILENT) -f CMakeFiles/Ascii.dir/build.make CMakeFiles/Ascii.dir/AsciiMachineCurrent/API/src/Entity.cpp.i

AsciiMachineCurrent/API/src/AsciiSignal.i: AsciiMachineCurrent/API/src/AsciiSignal.cpp.i
#  Phony target (prerequisite of .PHONY).
#  Implicit rule search has not been done.
#  File does not exist.
#  File has not been updated.

AsciiMachineCurrent/API/src/GUI_o.o: AsciiMachineCurrent/API/src/GUI_o.cpp.o
#  Phony target (prerequisite of .PHONY).
#  Implicit rule search has not been done.
#  File does not exist.
#  File has not been updated.

.SUFFIXES: .hpux_make_needs_suffix_list
#  Implicit rule search has not been done.
#  Modification time never checked.
#  File has not been updated.

install/local/fast: preinstall/fast
#  Phony target (prerequisite of .PHONY).
#  Implicit rule search has not been done.
#  File does not exist.
#  File has not been updated.
#  recipe to execute (from 'Makefile', line 88):
	@$(CMAKE_COMMAND) -E cmake_echo_color --switch=$(COLOR) --cyan "Installing only the local directory..."
	/usr/bin/cmake -DCMAKE_INSTALL_LOCAL_ONLY=1 -P cmake_install.cmake

 
.PHONY: default_target cmake_force install/strip install/strip/fast install/local install/local/fast edit_cache edit_cache/fast install install/fast list_install_components list_install_components/fast rebuild_cache rebuild_cache/fast all clean clean/fast preinstall preinstall/fast depend Ascii Ascii/fast AsciiMachineCurrent/API/src/AsciiSignal.o AsciiMachineCurrent/API/src/AsciiSignal.cpp.o AsciiMachineCurrent/API/src/AsciiSignal.i AsciiMachineCurrent/API/src/AsciiSignal.cpp.i AsciiMachineCurrent/API/src/AsciiSignal.s AsciiMachineCurrent/API/src/AsciiSignal.cpp.s AsciiMachineCurrent/API/src/Color.o AsciiMachineCurrent/API/src/Color.cpp.o AsciiMachineCurrent/API/src/Color.i AsciiMachineCurrent/API/src/Color.cpp.i AsciiMachineCurrent/API/src/Color.s AsciiMachineCurrent/API/src/Color.cpp.s AsciiMachineCurrent/API/src/Entity.o AsciiMachineCurrent/API/src/Entity.cpp.o AsciiMachineCurrent/API/src/Entity.i AsciiMachineCurrent/API/src/Entity.cpp.i AsciiMachineCurrent/API/src/Entity.s AsciiMachineCurrent/API/src/Entity.cpp.s AsciiMachineCurrent/API/src/GUI_o.o AsciiMachineCurrent/API/src/GUI_o.cpp.o AsciiMachineCurrent/API/src/GUI_o.i AsciiMachineCurrent/API/src/GUI_o.cpp.i AsciiMachineCurrent/API/src/GUI_o.s AsciiMachineCurrent/API/src/GUI_o.cpp.s AsciiMachineCurrent/API/src/Scene.o AsciiMachineCurrent/API/src/Scene.cpp.o AsciiMachineCurrent/API/src/Scene.i AsciiMachineCurrent/API/src/Scene.cpp.i AsciiMachineCurrent/API/src/Scene.s AsciiMachineCurrent/API/src/Scene.cpp.s AsciiMachineCurrent/API/src/Server.o AsciiMachineCurrent/API/src/Server.cpp.o AsciiMachineCurrent/API/src/Server.i AsciiMachineCurrent/API/src/Server.cpp.i AsciiMachineCurrent/API/src/Server.s AsciiMachineCurrent/API/src/Server.cpp.s AsciiMachineCurrent/API/src/utils.o AsciiMachineCurrent/API/src/utils.cpp.o AsciiMachineCurrent/API/src/utils.i AsciiMachineCurrent/API/src/utils.cpp.i AsciiMachineCurrent/API/src/utils.s AsciiMachineCurrent/API/src/utils.cpp.s help cmake_check_build_system
#  Implicit rule search has not been done.
#  Modification time never checked.
#  File has not been updated.

AsciiMachineCurrent/API/src/Scene.s: AsciiMachineCurrent/API/src/Scene.cpp.s
#  Phony target (prerequisite of .PHONY).
#  Implicit rule search has not been done.
#  File does not exist.
#  File has not been updated.

install/strip: preinstall
#  Phony target (prerequisite of .PHONY).
#  Implicit rule search has not been done.
#  File does not exist.
#  File has not been updated.
#  recipe to execute (from 'Makefile', line 70):
	@$(CMAKE_COMMAND) -E cmake_echo_color --switch=$(COLOR) --cyan "Installing the project stripped..."
	/usr/bin/cmake -DCMAKE_INSTALL_DO_STRIP=1 -P cmake_install.cmake

# files hash-table stats:
# Load=73/1024=7%, Rehash=0, Collisions=14/278=5%
# VPATH Search Paths

# No 'vpath' search paths.

# No general ('VPATH' variable) search path.

# strcache buffers: 1 (0) / strings = 106 / storage = 2401 B / avg = 22 B
# current buf: size = 8162 B / used = 2401 B / count = 106 / avg = 22 B

# strcache performance: lookups = 420 / hit rate = 74%
# hash-table stats:
# Load=106/8192=1%, Rehash=0, Collisions=0/420=0%
# Finished Make data base on Fri May 28 11:10:38 2021

 
